{"level":"info","message":{"_id":"64ba6350d7aada1053504796","createdAt":"2023-07-21T10:52:00.492Z","name":"ex-22222www2ww","updatedAt":"2023-07-21T10:52:00.492Z"},"service":"user-service"}
{"level":"info","message":{"_id":"64ba63c25db810dab58b369a","createdAt":"2023-07-21T10:53:54.087Z","updatedAt":"2023-07-21T10:53:54.087Z"},"service":"project-service"}
{"level":"info","message":{"_id":"64ba63db5db810dab58b369c","createdAt":"2023-07-21T10:54:19.607Z","name":"ex","updatedAt":"2023-07-21T10:54:19.607Z"},"service":"project-service"}
{"level":"info","message":{"_id":"64ba74928d3eeeb85b0cedbb","createdAt":"2023-07-21T12:05:38.749Z","updatedAt":"2023-07-21T12:05:38.749Z"},"service":"project-service"}
{"level":"info","message":{"_id":"64ba74978d3eeeb85b0cedbd","createdAt":"2023-07-21T12:05:43.145Z","updatedAt":"2023-07-21T12:05:43.145Z"},"service":"project-service"}
{"level":"info","message":{"_id":"64ba74988d3eeeb85b0cedbf","createdAt":"2023-07-21T12:05:44.306Z","updatedAt":"2023-07-21T12:05:44.306Z"},"service":"project-service"}
{"level":"info","message":{"_id":"64ba75d6c34efa5c5ef10b17","createdAt":"2023-07-21T12:11:02.119Z","updatedAt":"2023-07-21T12:11:02.119Z"},"service":"project-service"}
{"level":"info","message":{"_id":"64ba76162a215cfb889157b4","createdAt":"2023-07-21T12:12:06.207Z","updatedAt":"2023-07-21T12:12:06.207Z"},"service":"project-service"}
{"level":"info","message":{"_id":"64ba764b2a215cfb889157b6","createdAt":"2023-07-21T12:12:59.836Z","updatedAt":"2023-07-21T12:12:59.836Z"},"service":"project-service"}
{"level":"info","message":{"_id":"64ba7683fbffbb16e9a51f54","createdAt":"2023-07-21T12:13:55.921Z","updatedAt":"2023-07-21T12:13:55.921Z"},"service":"project-service"}
{"level":"info","message":{"_id":"64ba77fc775919d756dd98b3","createdAt":"2023-07-21T12:20:12.352Z","updatedAt":"2023-07-21T12:20:12.352Z"},"service":"project-service"}
{"level":"info","message":{"_id":"64ba88520969788b09c4c99e","createdAt":"2023-07-21T13:29:54.764Z","name":"asdasdasdasd","updatedAt":"2023-07-21T13:29:54.764Z"},"service":"project-service"}
{"level":"info","message":{"_id":"64ba88560969788b09c4c9a0","createdAt":"2023-07-21T13:29:58.961Z","name":"asdasdasdasd","updatedAt":"2023-07-21T13:29:58.961Z"},"service":"project-service"}
{"level":"info","message":{"_id":"64ba88680969788b09c4c9a2","createdAt":"2023-07-21T13:30:16.731Z","updatedAt":"2023-07-21T13:30:16.731Z"},"service":"project-service"}
{"level":"info","message":{"_id":"64ba88760969788b09c4c9a5","createdAt":"2023-07-21T13:30:30.779Z","updatedAt":"2023-07-21T13:30:30.779Z"},"service":"project-service"}
{"level":"info","message":{"_id":"64ba88ecc452ef5bbcbc14c0","createdAt":"2023-07-21T13:32:28.957Z","name":"asdasdasdasd","updatedAt":"2023-07-21T13:32:28.957Z"},"service":"project-service"}
{"level":"info","message":{"_id":"64ba89ba5d5dcb58ee1c4569","createdAt":"2023-07-21T13:35:54.020Z","updatedAt":"2023-07-21T13:35:54.020Z"},"service":"project-service"}
{"level":"info","message":{"_id":"64ba89bf5d5dcb58ee1c456b","createdAt":"2023-07-21T13:35:59.048Z","updatedAt":"2023-07-21T13:35:59.048Z"},"service":"project-service"}
{"level":"info","message":{"_id":"64ba8a57e3873f5b81cbabff","createdAt":"2023-07-21T13:38:31.547Z","updatedAt":"2023-07-21T13:38:31.547Z"},"service":"project-service"}
{"level":"info","message":{"_id":"64ba8b53ade1878cab2b9c7f","createdAt":"2023-07-21T13:42:43.689Z","updatedAt":"2023-07-21T13:42:43.689Z"},"service":"project-service"}
{"level":"info","message":{"_id":"64ba8b56ade1878cab2b9c81","createdAt":"2023-07-21T13:42:46.323Z","updatedAt":"2023-07-21T13:42:46.323Z"},"service":"project-service"}
{"level":"info","message":{"_id":"64ba8e1fe9a7168f512ddf7e","createdAt":"2023-07-21T13:54:39.323Z","updatedAt":"2023-07-21T13:54:39.323Z"},"service":"project-service"}
{"level":"info","message":{"_id":"64ba8e23e9a7168f512ddf80","createdAt":"2023-07-21T13:54:43.333Z","updatedAt":"2023-07-21T13:54:43.333Z"},"service":"project-service"}
{"level":"info","message":{"_id":"64ba9e86b82ab42f0627712c","createdAt":"2023-07-21T15:04:38.130Z","name":"test123123123","updatedAt":"2023-07-21T15:04:38.130Z"},"service":"project-service"}
{"level":"info","message":{"_id":"64ba9e93b82ab42f0627712e","createdAt":"2023-07-21T15:04:51.639Z","updatedAt":"2023-07-21T15:04:51.639Z"},"service":"project-service"}
{"level":"info","message":{"_id":"64bd03799520359f01339a95","createdAt":"2023-07-23T10:39:53.657Z","name":"Berkants-Test-project","updatedAt":"2023-07-23T10:39:53.657Z"},"service":"project-service"}
{"level":"info","message":{"_id":"64bd037f9520359f01339a97","createdAt":"2023-07-23T10:39:59.973Z","updatedAt":"2023-07-23T10:39:59.973Z"},"service":"project-service"}
{"level":"info","message":{"_id":"64bd03ae9520359f01339a99","createdAt":"2023-07-23T10:40:46.654Z","name":"Berkants-Test-project-1","updatedAt":"2023-07-23T10:40:46.654Z"},"service":"project-service"}
{"level":"info","message":{"_id":"64bd03b19520359f01339a9b","createdAt":"2023-07-23T10:40:49.833Z","name":"Berkants-Test-project-2","updatedAt":"2023-07-23T10:40:49.833Z"},"service":"project-service"}
{"level":"info","message":{"_id":"64bd03b49520359f01339a9d","createdAt":"2023-07-23T10:40:52.511Z","name":"Berkants-Test-project-3","updatedAt":"2023-07-23T10:40:52.511Z"},"service":"project-service"}
{"level":"info","message":{"_id":"64bd03b79520359f01339a9f","createdAt":"2023-07-23T10:40:55.209Z","name":"Berkants-Test-project-4","updatedAt":"2023-07-23T10:40:55.209Z"},"service":"project-service"}
{"level":"info","message":{"_id":"64bd0e00089f9425ef8a81da","createdAt":"2023-07-23T11:24:48.670Z","name":"Berkants-Test-project-5","updatedAt":"2023-07-23T11:24:48.670Z"},"service":"project-service"}
{"level":"info","message":{"_id":"64bd0e7e4be70cbf3e9541ed","createdAt":"2023-07-23T11:26:54.274Z","name":"Berkants-Test-project-5","updatedAt":"2023-07-23T11:26:54.274Z"},"service":"project-service"}
{"level":"info","message":{"_id":"64bd0f18a654b36e834acf4e","createdAt":"2023-07-23T11:29:28.288Z","name":"Berkants-Test-project-5","updatedAt":"2023-07-23T11:29:28.288Z"},"service":"project-service"}
{"level":"info","message":{"_id":"64bd0f1aa654b36e834acf50","createdAt":"2023-07-23T11:29:30.508Z","name":"Berkants-Test-project-5","updatedAt":"2023-07-23T11:29:30.508Z"},"service":"project-service"}
{"level":"info","message":{"_id":"64bd0f573d5ea821f816967d","createdAt":"2023-07-23T11:30:31.877Z","name":"Berkants-Test-project-5","updatedAt":"2023-07-23T11:30:31.877Z"},"service":"project-service"}
{"level":"info","message":{"_id":"64bd0ffadf76edb2809e8580","createdAt":"2023-07-23T11:33:14.333Z","name":"Berkants-Test-project-6","updatedAt":"2023-07-23T11:33:14.333Z"},"service":"project-service"}
{"level":"info","message":{"_id":"64bd1168b62f804875fc6778","createdAt":"2023-07-23T11:39:20.233Z","name":"Berkants-Test-project-6","updatedAt":"2023-07-23T11:39:20.233Z"},"service":"project-service"}
{"level":"info","message":{"_id":"64bd14b331ded03a5fcc686f","createdAt":"2023-07-23T11:53:23.609Z","name":"Berkants-Test-project-6","updatedAt":"2023-07-23T11:53:23.609Z"},"service":"project-service"}
{"level":"info","message":{"_id":"64bd157331ded03a5fcc6875","createdAt":"2023-07-23T11:56:35.746Z","name":"Berkants-Test-project-5","updatedAt":"2023-07-23T11:56:35.746Z"},"service":"project-service"}
{"level":"info","message":{"_id":"64bd159731ded03a5fcc6877","createdAt":"2023-07-23T11:57:11.797Z","name":"Berkants-Test-project-5","updatedAt":"2023-07-23T11:57:11.797Z"},"service":"project-service"}
{"level":"info","message":{"_id":"64bd15a031ded03a5fcc6879","createdAt":"2023-07-23T11:57:20.167Z","name":"Berkants-Test-project-6","updatedAt":"2023-07-23T11:57:20.167Z"},"service":"project-service"}
{"level":"info","message":{"_id":"64bd15fc31ded03a5fcc687b","createdAt":"2023-07-23T11:58:52.364Z","name":"Berkants-Test-project-6","updatedAt":"2023-07-23T11:58:52.364Z"},"service":"project-service"}
{"level":"info","message":{"_id":"64bd1a9531ded03a5fcc687f","createdAt":"2023-07-23T12:18:29.878Z","name":"Berkants-Test-project-6","updatedAt":"2023-07-23T12:18:29.878Z"},"service":"project-service"}
{"level":"info","message":{"_id":"64bd1aa7761bf78fded24833","createdAt":"2023-07-23T12:18:47.514Z","name":"Berkants-Test-project-6","updatedAt":"2023-07-23T12:18:47.514Z"},"service":"project-service"}
{"level":"info","message":{"_id":"64bd1b383e03ab7280236831","createdAt":"2023-07-23T12:21:12.044Z","updatedAt":"2023-07-23T12:21:12.044Z"},"service":"project-service"}
{"level":"info","message":{"_id":"64bd1b7cbb8e1cc3807e28a4","createdAt":"2023-07-23T12:22:20.760Z","name":"Berkants-Test-project-6","updatedAt":"2023-07-23T12:22:20.760Z"},"service":"project-service"}
{"level":"info","message":{"_id":"64bd1beed0271b131c31928c","createdAt":"2023-07-23T12:24:14.463Z","name":"Berkants-Test-project-6","updatedAt":"2023-07-23T12:24:14.463Z"},"service":"project-service"}
{"level":"info","message":{"_id":"64bd1bf40db9a58da2185a65","createdAt":"2023-07-23T12:24:20.178Z","name":"Berkants-Test-project-6","updatedAt":"2023-07-23T12:24:20.178Z"},"service":"project-service"}
{"level":"info","message":{"_id":"64bd24bd970638d7a9d7d487","createdAt":"2023-07-23T13:01:49.393Z","name":"Berkants-Test-project-6","updatedAt":"2023-07-23T13:01:49.393Z"},"service":"project-service"}
{"level":"info","message":{"_id":"64bd251c6d34f205ace201ea","createdAt":"2023-07-23T13:03:24.575Z","name":"Berkants-Test-project-6","updatedAt":"2023-07-23T13:03:24.575Z"},"service":"project-service"}
{"level":"info","message":{"_id":"64bd2536259262f785d61910","createdAt":"2023-07-23T13:03:50.401Z","name":"Berkants-Test-project-6","updatedAt":"2023-07-23T13:03:50.401Z"},"service":"project-service"}
{"level":"info","message":{"_id":"64bd25407c5cc8ad361d31f6","createdAt":"2023-07-23T13:04:00.912Z","name":"Berkants-Test-project-6","updatedAt":"2023-07-23T13:04:00.912Z"},"service":"project-service"}
{"level":"info","message":{"_id":"64bd25b00a2eedaddc645695","createdAt":"2023-07-23T13:05:52.655Z","name":"Berkants-Test-project-6","updatedAt":"2023-07-23T13:05:52.655Z"},"service":"project-service"}
{"level":"info","message":{"_id":"64bd265a6640489ad9da84bb","createdAt":"2023-07-23T13:08:42.854Z","name":"Berkants-Test-project-6","updatedAt":"2023-07-23T13:08:42.854Z","user_id":"64bd02ab9520359f01339a8c"},"service":"project-service"}
{"level":"info","message":{"_id":"64be7c15dc6f7b58f76ebe27","createdAt":"2023-07-24T13:26:45.597Z","name":"Berkants-Test-project-7","updatedAt":"2023-07-24T13:26:45.597Z","user_id":"64bd02ab9520359f01339a8c"},"service":"project-service"}
{"level":"info","message":{"_id":"64c10e4ea2fba5ab6ece3089","createdAt":"2023-07-26T12:15:10.648Z","name":"Berkants-Test-project-1","updatedAt":"2023-07-26T12:15:10.648Z","user_id":"64bd02ab9520359f01339a8c"},"service":"project-service"}
{"level":"info","message":{"_id":"64c10ebaa2fba5ab6ece308f","createdAt":"2023-07-26T12:16:58.964Z","name":"Berkants-Test-project-1","updatedAt":"2023-07-26T12:16:58.964Z","user_id":"64bd02ab9520359f01339a8c"},"service":"project-service"}
{"level":"info","message":{"_id":"64c10fd8a2fba5ab6ece3093","createdAt":"2023-07-26T12:21:44.435Z","name":"Berkants-Test-project-1 test section","updatedAt":"2023-07-26T12:21:44.435Z","user_id":"64bd02ab9520359f01339a8c"},"service":"project-service"}
{"level":"info","message":{"_id":"64c110451fde741581ab1076","createdAt":"2023-07-26T12:23:33.162Z","name":"Berkants-Test-project-1 test section","updatedAt":"2023-07-26T12:23:33.162Z","user_id":"64bd02ab9520359f01339a8c"},"service":"project-service"}
{"level":"info","message":{"_id":"64c110491fde741581ab1078","createdAt":"2023-07-26T12:23:37.944Z","name":"Berkants-Test-project-2 test section","updatedAt":"2023-07-26T12:23:37.944Z","user_id":"64bd02ab9520359f01339a8c"},"service":"project-service"}
{"level":"info","message":{"_id":"64c110501fde741581ab107a","createdAt":"2023-07-26T12:23:44.730Z","name":"Berkants-Test-project-3 test section","updatedAt":"2023-07-26T12:23:44.730Z","user_id":"64bd02ab9520359f01339a8c"},"service":"project-service"}
{"level":"info","message":{"_id":"64c17fddee9cb196a20d00e2","createdAt":"2023-07-26T20:19:41.233Z","name":"Berkants-Test-project-2","updatedAt":"2023-07-26T20:19:41.233Z","user_id":"64bd02ab9520359f01339a8c"},"service":"project-service"}
